<?xml version="1.0" encoding="UTF-8"?>
<!-- Generated by org.testng.reporters.JUnitXMLReporter -->
<testsuite hostname="User-PC" name="Test on chrome" tests="2" failures="1" timestamp="12 Jan 2018 14:08:17 GMT" time="19.766" errors="0">
  <testcase name="@AfterMethod executingAfterMethod" time="0.0" classname="com.Mycaar.testcases.UserTest">
    <failure type="org.openqa.selenium.StaleElementReferenceException" message="Element not found in the cache - perhaps the page has changed since it was looked up
Command duration or timeout: 69 milliseconds
For documentation on this error, please visit: http://seleniumhq.org/exceptions/stale_element_reference.html
Build info: version: &amp;apos;2.51.0&amp;apos;, revision: &amp;apos;1af067dbcaedd7d2ab9af5151fc471d363d97193&amp;apos;, time: &amp;apos;2016-02-05 11:20:57&amp;apos;
System info: host: &amp;apos;User-PC&amp;apos;, ip: &amp;apos;192.168.1.16&amp;apos;, os.name: &amp;apos;Windows 7&amp;apos;, os.arch: &amp;apos;amd64&amp;apos;, os.version: &amp;apos;6.1&amp;apos;, java.version: &amp;apos;1.8.0_144&amp;apos;
Driver info: org.openqa.selenium.firefox.FirefoxDriver
Capabilities [{applicationCacheEnabled=true, rotatable=false, handlesAlerts=true, databaseEnabled=true, version=42.0, platform=WINDOWS, nativeEvents=false, acceptSslCerts=true, webStorageEnabled=true, locationContextEnabled=true, browserName=firefox, takesScreenshot=true, javascriptEnabled=true, cssSelectorsEnabled=true}]
Session ID: 230becb1-9af4-4faa-880e-47e74ecbc758">
      <![CDATA[org.openqa.selenium.StaleElementReferenceException: Element not found in the cache - perhaps the page has changed since it was looked up
Command duration or timeout: 69 milliseconds
For documentation on this error, please visit: http://seleniumhq.org/exceptions/stale_element_reference.html
Build info: version: '2.51.0', revision: '1af067dbcaedd7d2ab9af5151fc471d363d97193', time: '2016-02-05 11:20:57'
System info: host: 'User-PC', ip: '192.168.1.16', os.name: 'Windows 7', os.arch: 'amd64', os.version: '6.1', java.version: '1.8.0_144'
Driver info: org.openqa.selenium.firefox.FirefoxDriver
Capabilities [{applicationCacheEnabled=true, rotatable=false, handlesAlerts=true, databaseEnabled=true, version=42.0, platform=WINDOWS, nativeEvents=false, acceptSslCerts=true, webStorageEnabled=true, locationContextEnabled=true, browserName=firefox, takesScreenshot=true, javascriptEnabled=true, cssSelectorsEnabled=true}]
Session ID: 230becb1-9af4-4faa-880e-47e74ecbc758
	at org.openqa.selenium.remote.ErrorHandler.createThrowable(ErrorHandler.java:206)
	at org.openqa.selenium.remote.ErrorHandler.throwIfResponseFailed(ErrorHandler.java:158)
	at org.openqa.selenium.remote.RemoteWebDriver.execute(RemoteWebDriver.java:678)
	at org.openqa.selenium.remote.RemoteExecuteMethod.execute(RemoteExecuteMethod.java:35)
	at org.openqa.selenium.remote.RemoteMouse.mouseMove(RemoteMouse.java:97)
	at org.openqa.selenium.interactions.MoveToOffsetAction.perform(MoveToOffsetAction.java:41)
	at org.openqa.selenium.interactions.CompositeAction.perform(CompositeAction.java:50)
	at com.Mycaar.commonUtils.ActionFunctions.moveToElementByCordinate(ActionFunctions.java:24)
	at com.Mycaar.pageClasses.LogIn.logoutfroMycaar(LogIn.java:63)
	at com.Mycaar.testcases.UserTest.executingAfterMethod(UserTest.java:89)
	at java.util.concurrent.FutureTask.run(Unknown Source)
	at java.util.concurrent.ThreadPoolExecutor.runWorker(Unknown Source)
	at java.util.concurrent.ThreadPoolExecutor$Worker.run(Unknown Source)
	at java.lang.Thread.run(Unknown Source)
Caused by: org.openqa.selenium.StaleElementReferenceException: Element not found in the cache - perhaps the page has changed since it was looked up
For documentation on this error, please visit: http://seleniumhq.org/exceptions/stale_element_reference.html
Build info: version: '2.51.0', revision: '1af067dbcaedd7d2ab9af5151fc471d363d97193', time: '2016-02-05 11:20:57'
System info: host: 'User-PC', ip: '192.168.1.16', os.name: 'Windows 7', os.arch: 'amd64', os.version: '6.1', java.version: '1.8.0_144'
Driver info: driver.version: unknown
	at <anonymous class>.fxdriver.cache.getElementAt(resource://fxdriver/modules/web-element-cache.js:9407)
	at <anonymous class>.Utils.getElementAt(file:///C:/Users/User/AppData/Local/Temp/anonymous1539641967783845613webdriver-profile/extensions/fxdriver@googlecode.com/components/driver-component.js:8992)
	at <anonymous class>.fxdriver.events.buildCoordinates(file:///C:/Users/User/AppData/Local/Temp/anonymous1539641967783845613webdriver-profile/extensions/fxdriver@googlecode.com/components/driver-component.js:10228)
	at <anonymous class>.FirefoxDriver.prototype.mouseMoveTo(file:///C:/Users/User/AppData/Local/Temp/anonymous1539641967783845613webdriver-profile/extensions/fxdriver@googlecode.com/components/driver-component.js:11021)
	at <anonymous class>.DelayedCommand.prototype.executeInternal_/h(file:///C:/Users/User/AppData/Local/Temp/anonymous1539641967783845613webdriver-profile/extensions/fxdriver@googlecode.com/components/command-processor.js:12602)
	at <anonymous class>.DelayedCommand.prototype.executeInternal_(file:///C:/Users/User/AppData/Local/Temp/anonymous1539641967783845613webdriver-profile/extensions/fxdriver@googlecode.com/components/command-processor.js:12607)
	at <anonymous class>.DelayedCommand.prototype.execute/<(file:///C:/Users/User/AppData/Local/Temp/anonymous1539641967783845613webdriver-profile/extensions/fxdriver@googlecode.com/components/command-processor.js:12549)
... Removed 22 stack frames]]>
    </failure>
  </testcase> <!-- @AfterMethod executingAfterMethod -->
  <testcase name="@AfterClass tearDown" time="0.0" classname="com.Mycaar.testcases.UserTest">
    <skipped/>
  </testcase> <!-- @AfterClass tearDown -->
  <testcase name="userFunction" time="9.835" classname="com.Mycaar.testcases.UserTest">
    <failure type="org.openqa.selenium.StaleElementReferenceException" message="Element not found in the cache - perhaps the page has changed since it was looked up
Command duration or timeout: 2.96 seconds
For documentation on this error, please visit: http://seleniumhq.org/exceptions/stale_element_reference.html
Build info: version: &amp;apos;2.51.0&amp;apos;, revision: &amp;apos;1af067dbcaedd7d2ab9af5151fc471d363d97193&amp;apos;, time: &amp;apos;2016-02-05 11:20:57&amp;apos;
System info: host: &amp;apos;User-PC&amp;apos;, ip: &amp;apos;192.168.1.16&amp;apos;, os.name: &amp;apos;Windows 7&amp;apos;, os.arch: &amp;apos;amd64&amp;apos;, os.version: &amp;apos;6.1&amp;apos;, java.version: &amp;apos;1.8.0_144&amp;apos;
Driver info: org.openqa.selenium.firefox.FirefoxDriver
Capabilities [{applicationCacheEnabled=true, rotatable=false, handlesAlerts=true, databaseEnabled=true, version=42.0, platform=WINDOWS, nativeEvents=false, acceptSslCerts=true, webStorageEnabled=true, locationContextEnabled=true, browserName=firefox, takesScreenshot=true, javascriptEnabled=true, cssSelectorsEnabled=true}]
Session ID: 230becb1-9af4-4faa-880e-47e74ecbc758">
      <![CDATA[org.openqa.selenium.StaleElementReferenceException: Element not found in the cache - perhaps the page has changed since it was looked up
Command duration or timeout: 2.96 seconds
For documentation on this error, please visit: http://seleniumhq.org/exceptions/stale_element_reference.html
Build info: version: '2.51.0', revision: '1af067dbcaedd7d2ab9af5151fc471d363d97193', time: '2016-02-05 11:20:57'
System info: host: 'User-PC', ip: '192.168.1.16', os.name: 'Windows 7', os.arch: 'amd64', os.version: '6.1', java.version: '1.8.0_144'
Driver info: org.openqa.selenium.firefox.FirefoxDriver
Capabilities [{applicationCacheEnabled=true, rotatable=false, handlesAlerts=true, databaseEnabled=true, version=42.0, platform=WINDOWS, nativeEvents=false, acceptSslCerts=true, webStorageEnabled=true, locationContextEnabled=true, browserName=firefox, takesScreenshot=true, javascriptEnabled=true, cssSelectorsEnabled=true}]
Session ID: 230becb1-9af4-4faa-880e-47e74ecbc758
	at org.openqa.selenium.remote.ErrorHandler.createThrowable(ErrorHandler.java:206)
	at org.openqa.selenium.remote.ErrorHandler.throwIfResponseFailed(ErrorHandler.java:158)
	at org.openqa.selenium.remote.RemoteWebDriver.execute(RemoteWebDriver.java:678)
	at org.openqa.selenium.remote.RemoteExecuteMethod.execute(RemoteExecuteMethod.java:35)
	at org.openqa.selenium.remote.RemoteMouse.mouseMove(RemoteMouse.java:97)
	at org.openqa.selenium.interactions.MoveToOffsetAction.perform(MoveToOffsetAction.java:41)
	at org.openqa.selenium.interactions.CompositeAction.perform(CompositeAction.java:50)
	at com.Mycaar.commonUtils.ActionFunctions.moveToElementByCordinate(ActionFunctions.java:24)
	at com.Mycaar.pageClasses.UserFunction.takaAwareNesstest(UserFunction.java:61)
	at com.Mycaar.testcases.UserTest.userFunction(UserTest.java:67)
	at java.util.concurrent.FutureTask.run(Unknown Source)
	at java.util.concurrent.ThreadPoolExecutor.runWorker(Unknown Source)
	at java.util.concurrent.ThreadPoolExecutor$Worker.run(Unknown Source)
	at java.lang.Thread.run(Unknown Source)
Caused by: org.openqa.selenium.StaleElementReferenceException: Element not found in the cache - perhaps the page has changed since it was looked up
For documentation on this error, please visit: http://seleniumhq.org/exceptions/stale_element_reference.html
Build info: version: '2.51.0', revision: '1af067dbcaedd7d2ab9af5151fc471d363d97193', time: '2016-02-05 11:20:57'
System info: host: 'User-PC', ip: '192.168.1.16', os.name: 'Windows 7', os.arch: 'amd64', os.version: '6.1', java.version: '1.8.0_144'
Driver info: driver.version: unknown
	at <anonymous class>.fxdriver.cache.getElementAt(resource://fxdriver/modules/web-element-cache.js:9407)
	at <anonymous class>.Utils.getElementAt(file:///C:/Users/User/AppData/Local/Temp/anonymous1539641967783845613webdriver-profile/extensions/fxdriver@googlecode.com/components/driver-component.js:8992)
	at <anonymous class>.fxdriver.events.buildCoordinates(file:///C:/Users/User/AppData/Local/Temp/anonymous1539641967783845613webdriver-profile/extensions/fxdriver@googlecode.com/components/driver-component.js:10228)
	at <anonymous class>.FirefoxDriver.prototype.mouseMoveTo(file:///C:/Users/User/AppData/Local/Temp/anonymous1539641967783845613webdriver-profile/extensions/fxdriver@googlecode.com/components/driver-component.js:11021)
	at <anonymous class>.DelayedCommand.prototype.executeInternal_/h(file:///C:/Users/User/AppData/Local/Temp/anonymous1539641967783845613webdriver-profile/extensions/fxdriver@googlecode.com/components/command-processor.js:12602)
	at <anonymous class>.DelayedCommand.prototype.executeInternal_(file:///C:/Users/User/AppData/Local/Temp/anonymous1539641967783845613webdriver-profile/extensions/fxdriver@googlecode.com/components/command-processor.js:12607)
	at <anonymous class>.DelayedCommand.prototype.execute/<(file:///C:/Users/User/AppData/Local/Temp/anonymous1539641967783845613webdriver-profile/extensions/fxdriver@googlecode.com/components/command-processor.js:12549)
... Removed 20 stack frames]]>
    </failure>
  </testcase> <!-- userFunction -->
  <testcase name="localAssesortest" time="0.0" classname="com.Mycaar.testcases.UserTest">
    <skipped/>
  </testcase> <!-- localAssesortest -->
</testsuite> <!-- Test on chrome -->
